<?xml version="1.0" encoding="UTF-8" ?>
<testsuites>
  <testsuite errors="0" failures="0" hostname="DESKTOP-BOUTNDG" id="0" name="TestJunit" package="" skipped="0" tests="1" time="0.131" timestamp="2016-11-24T07:18:35">
      <properties>
[...]
</properties>

      <testcase classname="TestJunit" name="testPrintMessage" time="0.013" />

      <system-out><![CDATA[Inside testPrintMessage
Hello World
]]></system-out>

      <system-err><![CDATA[]]></system-err>

  </testsuite>
  <testsuite errors="0" failures="0" hostname="DESKTOP-BOUTNDG" id="1" name="TestRunner" package="" skipped="0" tests="1" time="0.048" timestamp="2016-11-24T07:18:35">
      <properties>
[...]
</properties>

      <testcase classname="TestRunner" name="printResult" time="0.034" />

      <system-out><![CDATA[Inside testPrintMessage
Hello World
TestRunner Result - 
true
]]></system-out>

      <system-err><![CDATA[]]></system-err>

  </testsuite>
</testsuites>
